Arguments: 
  C:\Program Files\nodejs\node.exe C:\Program Files (x86)\Yarn\bin\yarn.js

PATH: 
  C:\Program Files\Git\mingw64\bin;C:\Program Files\Git\usr\bin;C:\Users\Seun\bin;C:\Program Files (x86)\Common Files\Oracle\Java\javapath;C:\Program Files (x86)\Common Files\Intel\Shared Files\cpp\bin\Intel64;C:\Program Files (x86)\Java\jre7\bin;C:\Program Files (x86)\NVIDIA Corporation\PhysX\Common;C:\WINDOWS\system32;C:\WINDOWS;C:\WINDOWS\System32\Wbem;C:\WINDOWS\System32\WindowsPowerShell\v1.0;C:\Program Files (x86)\Skype\Phone;C:\Program Files\Git\cmd;C:\Program Files\Microsoft VS Code\bin;C:\WINDOWS\System32\OpenSSH;C:\Program Files\nodejs;C:\Program Files\dotnet;C:\Program Files\Microsoft SQL Server\130\Tools\Binn;C:\Program Files (x86)\Yarn\bin;C:\Users\Seun\AppData\Local\Microsoft\WindowsApps;C:\Users\Seun\AppData\Roaming\npm;C:\Users\Seun\AppData\Local\Yarn\bin

Yarn version: 
  1.21.1

Node version: 
  12.13.0

Platform: 
  win32 x64

Trace: 
  Error: https://registry.yarnpkg.com/@angular/common/-/common-7.2.16.tgz: ESOCKETTIMEDOUT
      at ClientRequest.<anonymous> (C:\Program Files (x86)\Yarn\lib\cli.js:141292:19)
      at Object.onceWrapper (events.js:299:28)
      at ClientRequest.emit (events.js:210:5)
      at TLSSocket.emitRequestTimeout (_http_client.js:690:9)
      at Object.onceWrapper (events.js:299:28)
      at TLSSocket.emit (events.js:210:5)
      at TLSSocket.Socket._onTimeout (net.js:468:8)
      at listOnTimeout (internal/timers.js:531:17)
      at processTimers (internal/timers.js:475:7)

npm manifest: 
  {
    "name": "start-ng",
    "version": "1.1.1",
    "license": "MIT",
    "scripts": {
      "ng": "ng",
      "start": "ng serve",
      "build": "ng build",
      "test": "ng test",
      "lint": "ng lint",
      "e2e": "ng e2e",
      "extract-translations": "ngx-translate-extract -i ./src -o ./src/assets/i18n/en.json ./src/assets/i18n/fr.json --clean --sort --format namespaced-json"
    },
    "private": true,
    "dependencies": {
      "@angular/animations": "^7.2.9",
      "@angular/cdk": "^7.3.5",
      "@angular/common": "^7.2.9",
      "@angular/compiler": "^7.2.9",
      "@angular/core": "^7.2.9",
      "@angular/forms": "^7.2.9",
      "@angular/http": "^7.2.9",
      "@angular/material": "^7.3.5",
      "@angular/platform-browser": "^7.2.9",
      "@angular/platform-browser-dynamic": "^7.2.9",
      "@angular/router": "^7.2.9",
      "@auth0/angular-jwt": "^2.1.0",
      "@ng-bootstrap/ng-bootstrap": "^4.1.0",
      "@ngx-progressbar/core": "^5.3.2",
      "@ngx-progressbar/http": "^5.3.2",
      "@ngx-translate/core": "^10.0.2",
      "@ngx-translate/http-loader": "^3.0.1",
      "@swimlane/ngx-datatable": "^14.0.0",
      "apollo-angular": "^1.5.0",
      "apollo-angular-link-http": "^1.3.1",
      "apollo-cache-inmemory": "^1.3.2",
      "apollo-client": "^2.4.0",
      "apollo-link": "^1.2.0",
      "bootstrap": "^4.3.1",
      "chart.js": "^2.8.0",
      "classlist.js": "^1.1.20150312",
      "core-js": "^2.6.5",
      "dotenv": "^8.0.0",
      "enhanced-resolve": "3.3.0",
      "font-awesome": "4.7.0",
      "graphql": "^0.13.2",
      "graphql-tag": "^2.10.0",
      "intl": "^1.2.5",
      "jquery": "^3.2.1",
      "moment": "^2.24.0",
      "ng-pick-datetime": "^4.2.0",
      "ngx-pagination": "^3.1.1",
      "ngx-perfect-scrollbar": "6.3.1",
      "ngx-toastr": "^9.2.0",
      "node-sass": "^4.9.3",
      "popper.js": "^1.14.7",
      "rxjs": "^6.4.0",
      "rxjs-compat": "^6.4.0",
      "tachyons": "^4.11.1",
      "tether": "1.4.0",
      "web-animations-js": "^2.3.1",
      "xlsx": "^0.14.0",
      "zone.js": "0.8.26"
    },
    "devDependencies": {
      "@angular-devkit/build-angular": "^0.12.4",
      "@angular/cli": "^6.2.9",
      "@angular/compiler-cli": "^7.2.9",
      "@angular/language-service": "^7.2.9",
      "@biesbjerg/ngx-translate-extract": "^2.3.4",
      "@types/jasmine": "2.5.53",
      "@types/node": "8.0.16",
      "codelyzer": "4.5.0",
      "jasmine-core": "2.6.4",
      "jasmine-spec-reporter": "4.1.1",
      "karma": "^4.0.1",
      "karma-chrome-launcher": "2.2.0",
      "karma-cli": "1.0.1",
      "karma-coverage-istanbul-reporter": "1.3.0",
      "karma-jasmine": "1.1.0",
      "karma-jasmine-html-reporter": "0.2.2",
      "ng2-completer": "^1.2.2",
      "protractor": "^5.4.2",
      "ts-node": "3.3.0",
      "tslib": "1.7.1",
      "tslint": "5.5.0",
      "typescript": ">=3.1.1 <3.3"
    }
  }

yarn manifest: 
  No manifest

Lockfile: 
  No lockfile
